<?xml version="1.0" encoding="UTF-8"?>
<!-- Generated by org.testng.reporters.JUnitReportReporter -->
<testsuite hostname="kashishpasrija" name="runners.DemoRunner" tests="1" failures="0" timestamp="23 Dec 2019 08:20:13 GMT" time="37.963" errors="0">
  <testcase name="feature" time="37.963" classname="runners.DemoRunner"/>
</testsuite> <!-- runners.DemoRunner -->
